<?xml version="1.0" encoding="UTF-8"?>
<!-- Generated by org.testng.reporters.JUnitReportReporter -->
<testsuite hostname="Simba-PC" name="Case.One" tests="4" failures="0" timestamp="22 Jun 2012 11:07:45 GMT" time="41.505" errors="0">
  <testcase name="Case3" time="2.560" classname="Case.One"/>
  <testcase name="Case4" time="16.214" classname="Case.One"/>
  <testcase name="Case1" time="4.770" classname="Case.One"/>
  <testcase name="Case2" time="17.961" classname="Case.One"/>
</testsuite> <!-- Case.One -->
